0 info it worked if it ends with ok
1 verbose cli [ 'C:\\Program Files\\nodejs\\node.exe',
1 verbose cli   'C:\\Program Files\\nodejs\\node_modules\\npm\\bin\\npm-cli.js',
1 verbose cli   'install',
1 verbose cli   '--save',
1 verbose cli   'json-loader' ]
2 info using npm@2.15.9
3 info using node@v4.5.0
4 verbose install initial load of C:\Users\xeeadmin\xee\apps\xee_tragedy_of_the_commons\package.json
5 verbose installManyTop reading scoped package data from C:\Users\xeeadmin\xee\apps\xee_tragedy_of_the_commons\node_modules\babel-core\package.json
6 verbose installManyTop reading scoped package data from C:\Users\xeeadmin\xee\apps\xee_tragedy_of_the_commons\node_modules\babel-loader\package.json
7 verbose installManyTop reading scoped package data from C:\Users\xeeadmin\xee\apps\xee_tragedy_of_the_commons\node_modules\babel-polyfill\package.json
8 verbose installManyTop reading scoped package data from C:\Users\xeeadmin\xee\apps\xee_tragedy_of_the_commons\node_modules\babel-preset-es2015\package.json
9 verbose installManyTop reading scoped package data from C:\Users\xeeadmin\xee\apps\xee_tragedy_of_the_commons\node_modules\babel-preset-react\package.json
10 verbose installManyTop reading scoped package data from C:\Users\xeeadmin\xee\apps\xee_tragedy_of_the_commons\node_modules\clone\package.json
11 verbose installManyTop reading scoped package data from C:\Users\xeeadmin\xee\apps\xee_tragedy_of_the_commons\node_modules\cross-env\package.json
12 verbose installManyTop reading scoped package data from C:\Users\xeeadmin\xee\apps\xee_tragedy_of_the_commons\node_modules\highcharts\package.json
13 verbose installManyTop reading scoped package data from C:\Users\xeeadmin\xee\apps\xee_tragedy_of_the_commons\node_modules\jsondiffpatch\package.json
14 verbose installManyTop reading scoped package data from C:\Users\xeeadmin\xee\apps\xee_tragedy_of_the_commons\node_modules\material-ui\package.json
15 verbose installManyTop reading scoped package data from C:\Users\xeeadmin\xee\apps\xee_tragedy_of_the_commons\node_modules\react\package.json
16 verbose installManyTop reading scoped package data from C:\Users\xeeadmin\xee\apps\xee_tragedy_of_the_commons\node_modules\react-dom\package.json
17 verbose installManyTop reading scoped package data from C:\Users\xeeadmin\xee\apps\xee_tragedy_of_the_commons\node_modules\react-highcharts\package.json
18 verbose installManyTop reading scoped package data from C:\Users\xeeadmin\xee\apps\xee_tragedy_of_the_commons\node_modules\react-motion\package.json
19 verbose installManyTop reading scoped package data from C:\Users\xeeadmin\xee\apps\xee_tragedy_of_the_commons\node_modules\react-redux\package.json
20 verbose installManyTop reading scoped package data from C:\Users\xeeadmin\xee\apps\xee_tragedy_of_the_commons\node_modules\react-swipeable-views\package.json
21 verbose installManyTop reading scoped package data from C:\Users\xeeadmin\xee\apps\xee_tragedy_of_the_commons\node_modules\react-tap-event-plugin\package.json
22 verbose installManyTop reading scoped package data from C:\Users\xeeadmin\xee\apps\xee_tragedy_of_the_commons\node_modules\react-throttle-render\package.json
23 verbose installManyTop reading scoped package data from C:\Users\xeeadmin\xee\apps\xee_tragedy_of_the_commons\node_modules\reduce-reducers\package.json
24 verbose installManyTop reading scoped package data from C:\Users\xeeadmin\xee\apps\xee_tragedy_of_the_commons\node_modules\redux\package.json
25 verbose installManyTop reading scoped package data from C:\Users\xeeadmin\xee\apps\xee_tragedy_of_the_commons\node_modules\redux-act\package.json
26 verbose installManyTop reading scoped package data from C:\Users\xeeadmin\xee\apps\xee_tragedy_of_the_commons\node_modules\redux-logger\package.json
27 verbose installManyTop reading scoped package data from C:\Users\xeeadmin\xee\apps\xee_tragedy_of_the_commons\node_modules\redux-saga\package.json
28 verbose installManyTop reading scoped package data from C:\Users\xeeadmin\xee\apps\xee_tragedy_of_the_commons\node_modules\webpack\package.json
29 info package.json highcharts@4.2.7 license should be a valid SPDX license expression
30 info package.json react-tap-event-plugin@2.0.1 No license field.
31 verbose readDependencies loading dependencies from C:\Users\xeeadmin\xee\apps\xee_tragedy_of_the_commons\package.json
32 silly cache add args [ 'json-loader', null ]
33 verbose cache add spec json-loader
34 silly cache add parsed spec Result {
34 silly cache add   raw: 'json-loader',
34 silly cache add   scope: null,
34 silly cache add   name: 'json-loader',
34 silly cache add   rawSpec: '',
34 silly cache add   spec: 'latest',
34 silly cache add   type: 'tag' }
35 silly addNamed json-loader@latest
36 verbose addNamed "latest" is being treated as a dist-tag for json-loader
37 info addNameTag [ 'json-loader', 'latest' ]
38 silly mapToRegistry name json-loader
39 silly mapToRegistry using default registry
40 silly mapToRegistry registry https://registry.npmjs.org/
41 silly mapToRegistry data Result {
41 silly mapToRegistry   raw: 'json-loader',
41 silly mapToRegistry   scope: null,
41 silly mapToRegistry   name: 'json-loader',
41 silly mapToRegistry   rawSpec: '',
41 silly mapToRegistry   spec: 'latest',
41 silly mapToRegistry   type: 'tag' }
42 silly mapToRegistry uri https://registry.npmjs.org/json-loader
43 verbose addNameTag registry:https://registry.npmjs.org/json-loader not in flight; fetching
44 verbose request uri https://registry.npmjs.org/json-loader
45 verbose request no auth needed
46 info attempt registry request try #1 at 16:25:00
47 verbose request id 16d522b28c828c64
48 verbose etag W/"582c66cd-30de"
49 verbose lastModified Wed, 16 Nov 2016 14:01:49 GMT
50 http request GET https://registry.npmjs.org/json-loader
51 http 304 https://registry.npmjs.org/json-loader
52 verbose headers { date: 'Sun, 25 Dec 2016 07:24:36 GMT',
52 verbose headers   via: '1.1 varnish',
52 verbose headers   'cache-control': 'max-age=300',
52 verbose headers   etag: 'W/"582c66cd-30de"',
52 verbose headers   age: '137',
52 verbose headers   connection: 'keep-alive',
52 verbose headers   'x-served-by': 'cache-itm7420-ITM',
52 verbose headers   'x-cache': 'HIT',
52 verbose headers   'x-cache-hits': '2',
52 verbose headers   'x-timer': 'S1482650676.165129,VS0,VE0',
52 verbose headers   vary: 'Accept-Encoding' }
53 silly get cb [ 304,
53 silly get   { date: 'Sun, 25 Dec 2016 07:24:36 GMT',
53 silly get     via: '1.1 varnish',
53 silly get     'cache-control': 'max-age=300',
53 silly get     etag: 'W/"582c66cd-30de"',
53 silly get     age: '137',
53 silly get     connection: 'keep-alive',
53 silly get     'x-served-by': 'cache-itm7420-ITM',
53 silly get     'x-cache': 'HIT',
53 silly get     'x-cache-hits': '2',
53 silly get     'x-timer': 'S1482650676.165129,VS0,VE0',
53 silly get     vary: 'Accept-Encoding' } ]
54 verbose etag https://registry.npmjs.org/json-loader from cache
55 verbose get saving json-loader to C:\Users\xeeadmin\AppData\Roaming\npm-cache\registry.npmjs.org\json-loader\.cache.json
56 verbose correctMkdir C:\Users\xeeadmin\AppData\Roaming\npm-cache correctMkdir not in flight; initializing
57 silly addNameTag next cb for json-loader with tag latest
58 silly addNamed json-loader@0.5.4
59 verbose addNamed "0.5.4" is a plain semver version for json-loader
60 silly cache afterAdd json-loader@0.5.4
61 verbose afterAdd C:\Users\xeeadmin\AppData\Roaming\npm-cache\json-loader\0.5.4\package\package.json not in flight; writing
62 verbose correctMkdir C:\Users\xeeadmin\AppData\Roaming\npm-cache correctMkdir not in flight; initializing
63 verbose afterAdd C:\Users\xeeadmin\AppData\Roaming\npm-cache\json-loader\0.5.4\package\package.json written
64 silly install resolved [ { name: 'json-loader',
64 silly install resolved     version: '0.5.4',
64 silly install resolved     author: { name: 'Tobias Koppers @sokra' },
64 silly install resolved     description: 'json loader module for webpack',
64 silly install resolved     license: 'MIT',
64 silly install resolved     repository:
64 silly install resolved      { type: 'git',
64 silly install resolved        url: 'git+https://github.com/webpack/json-loader.git' },
64 silly install resolved     gitHead: '1409807e8e32c4f54248ffe44624cd12c84a6202',
64 silly install resolved     bugs: { url: 'https://github.com/webpack/json-loader/issues' },
64 silly install resolved     homepage: 'https://github.com/webpack/json-loader#readme',
64 silly install resolved     _id: 'json-loader@0.5.4',
64 silly install resolved     scripts: {},
64 silly install resolved     _shasum: '8baa1365a632f58a3c46d20175fc6002c96e37de',
64 silly install resolved     _from: 'json-loader@latest',
64 silly install resolved     _npmVersion: '2.10.1',
64 silly install resolved     _nodeVersion: '0.12.4',
64 silly install resolved     _npmUser: { name: 'sokra', email: 'tobias.koppers@googlemail.com' },
64 silly install resolved     maintainers: [ [Object] ],
64 silly install resolved     dist:
64 silly install resolved      { shasum: '8baa1365a632f58a3c46d20175fc6002c96e37de',
64 silly install resolved        tarball: 'https://registry.npmjs.org/json-loader/-/json-loader-0.5.4.tgz' },
64 silly install resolved     directories: {},
64 silly install resolved     _resolved: 'https://registry.npmjs.org/json-loader/-/json-loader-0.5.4.tgz',
64 silly install resolved     readme: 'ERROR: No README data found!' } ]
65 info install json-loader@0.5.4 into C:\Users\xeeadmin\xee\apps\xee_tragedy_of_the_commons
66 info installOne json-loader@0.5.4
67 verbose installOne of json-loader to C:\Users\xeeadmin\xee\apps\xee_tragedy_of_the_commons not in flight; installing
68 verbose correctMkdir C:\Users\xeeadmin\AppData\Roaming\npm-cache\_locks correctMkdir not in flight; initializing
69 verbose lock using C:\Users\xeeadmin\AppData\Roaming\npm-cache\_locks\json-loader-475f3d639c9e7718.lock for C:\Users\xeeadmin\xee\apps\xee_tragedy_of_the_commons\node_modules\json-loader
70 silly install write writing json-loader 0.5.4 to C:\Users\xeeadmin\xee\apps\xee_tragedy_of_the_commons\node_modules\json-loader
71 verbose unbuild node_modules\json-loader
72 silly gentlyRm C:\Users\xeeadmin\xee\apps\xee_tragedy_of_the_commons\node_modules\json-loader is being purged from base C:\Users\xeeadmin\xee\apps\xee_tragedy_of_the_commons
73 verbose gentlyRm don't care about contents; nuking C:\Users\xeeadmin\xee\apps\xee_tragedy_of_the_commons\node_modules\json-loader
74 verbose tar unpack C:\Users\xeeadmin\AppData\Roaming\npm-cache\json-loader\0.5.4\package.tgz
75 verbose tar unpacking to C:\Users\xeeadmin\xee\apps\xee_tragedy_of_the_commons\node_modules\json-loader
76 silly gentlyRm C:\Users\xeeadmin\xee\apps\xee_tragedy_of_the_commons\node_modules\json-loader is being purged
77 verbose gentlyRm don't care about contents; nuking C:\Users\xeeadmin\xee\apps\xee_tragedy_of_the_commons\node_modules\json-loader
78 silly gunzTarPerm modes [ '777', '666' ]
79 silly gunzTarPerm extractEntry package.json
80 silly gunzTarPerm extractEntry README.md
81 silly gunzTarPerm extractEntry index.js
82 verbose write writing to C:\Users\xeeadmin\xee\apps\xee_tragedy_of_the_commons\node_modules\json-loader\package.json
83 info preinstall json-loader@0.5.4
84 verbose readDependencies loading dependencies from C:\Users\xeeadmin\xee\apps\xee_tragedy_of_the_commons\node_modules\json-loader\package.json
85 verbose readDependencies loading dependencies from C:\Users\xeeadmin\xee\apps\xee_tragedy_of_the_commons\node_modules\json-loader\package.json
86 silly install resolved []
87 verbose about to build C:\Users\xeeadmin\xee\apps\xee_tragedy_of_the_commons\node_modules\json-loader
88 info build C:\Users\xeeadmin\xee\apps\xee_tragedy_of_the_commons\node_modules\json-loader
89 info linkStuff json-loader@0.5.4
90 silly linkStuff json-loader@0.5.4 has C:\Users\xeeadmin\xee\apps\xee_tragedy_of_the_commons\node_modules as its parent node_modules
91 verbose linkBins json-loader@0.5.4
92 verbose linkMans json-loader@0.5.4
93 verbose rebuildBundles json-loader@0.5.4
94 info install json-loader@0.5.4
95 info postinstall json-loader@0.5.4
96 verbose unlock done using C:\Users\xeeadmin\AppData\Roaming\npm-cache\_locks\json-loader-475f3d639c9e7718.lock for C:\Users\xeeadmin\xee\apps\xee_tragedy_of_the_commons\node_modules\json-loader
97 verbose validateInstall loading C:\Users\xeeadmin\xee\apps\xee_tragedy_of_the_commons\package.json for validation
98 verbose stack Error: The package react@15.3.2 does not satisfy its siblings' peerDependencies requirements!
98 verbose stack     at C:\Program Files\nodejs\node_modules\npm\lib\install.js:125:32
98 verbose stack     at C:\Program Files\nodejs\node_modules\npm\lib\install.js:268:7
98 verbose stack     at C:\Program Files\nodejs\node_modules\npm\node_modules\read-installed\read-installed.js:142:5
98 verbose stack     at C:\Program Files\nodejs\node_modules\npm\node_modules\read-installed\read-installed.js:263:14
98 verbose stack     at cb (C:\Program Files\nodejs\node_modules\npm\node_modules\slide\lib\async-map.js:47:24)
98 verbose stack     at C:\Program Files\nodejs\node_modules\npm\node_modules\read-installed\read-installed.js:263:14
98 verbose stack     at cb (C:\Program Files\nodejs\node_modules\npm\node_modules\slide\lib\async-map.js:47:24)
98 verbose stack     at C:\Program Files\nodejs\node_modules\npm\node_modules\read-installed\read-installed.js:263:14
98 verbose stack     at cb (C:\Program Files\nodejs\node_modules\npm\node_modules\slide\lib\async-map.js:47:24)
98 verbose stack     at C:\Program Files\nodejs\node_modules\npm\node_modules\read-installed\read-installed.js:263:14
99 verbose cwd C:\Users\xeeadmin\xee\apps\xee_tragedy_of_the_commons
100 error Windows_NT 10.0.14393
101 error argv "C:\\Program Files\\nodejs\\node.exe" "C:\\Program Files\\nodejs\\node_modules\\npm\\bin\\npm-cli.js" "install" "--save" "json-loader"
102 error node v4.5.0
103 error npm  v2.15.9
104 error code EPEERINVALID
105 error peerinvalid The package react@15.3.2 does not satisfy its siblings' peerDependencies requirements!
105 error peerinvalid Peer material-ui@0.15.4 wants react@^15.0.0
105 error peerinvalid Peer react-dom@15.4.1 wants react@^15.4.1
105 error peerinvalid Peer react-highcharts@10.0.0 wants react@~0.14 || ^15.0.0
105 error peerinvalid Peer react-motion@0.4.7 wants react@>=0.13.2 || ^0.14 || ^15.0.0
105 error peerinvalid Peer react-redux@4.4.6 wants react@^0.14.0 || ^15.0.0-0 || ^15.4.0-0
105 error peerinvalid Peer react-swipeable-views@0.7.11 wants react@^15.0.0 || ^0.14.0
105 error peerinvalid Peer react-tap-event-plugin@2.0.1 wants react@^15.4.0-0
105 error peerinvalid Peer react-throttle-render@1.2.1 wants react@^0.14.0 || ^15.0
106 verbose exit [ 1, true ]
